# JRE version: Java(TM) SE Runtime Environment Oracle GraalVM 17.0.8+9.1 (17.0.8+9) (build 17.0.8+9-LTS-jvmci-23.0-b14)
# Java VM: Java HotSpot(TM) 64-Bit Server VM Oracle GraalVM 17.0.8+9.1 (17.0.8+9-LTS-jvmci-23.0-b14, mixed mode, sharing, tiered, jvmci, jvmci compiler, compressed oops, compressed class ptrs, g1 gc, windows-amd64)
GC Precious Log:
 CPUs: 12 total, 12 available
 Memory: 16286M
 Large Page Support: Disabled
 NUMA Support: Disabled
 Compressed Oops: Enabled (Zero based)
 Heap Region Size: 2M
 Heap Min Capacity: 8M
 Heap Initial Capacity: 256M
 Heap Max Capacity: 4072M
 Pre-touch: Disabled
 Parallel Workers: 10
 Concurrent Workers: 3
 Concurrent Refinement Workers: 10
 Periodic GC: Disabled
Heap:
 garbage-first heap   total 442368K, used 256660K [0x0000000701800000, 0x0000000800000000)
  region size 2048K, 6 young (12288K), 6 survivors (12288K)
 Metaspace       used 46171K, committed 46656K, reserved 1114112K
  class space    used 4807K, committed 4992K, reserved 1048576K
GC Heap History (20 events):
Event: 37.327 GC heap after
{Heap after GC invocations=19 (full 0):
 garbage-first heap   total 221184K, used 127379K [0x0000000701800000, 0x0000000800000000)
  region size 2048K, 1 young (2048K), 1 survivors (2048K)
 Metaspace       used 32863K, committed 33152K, reserved 1114112K
  class space    used 3348K, committed 3520K, reserved 1048576K
}
Event: 40.118 GC heap before
{Heap before GC invocations=19 (full 0):
 garbage-first heap   total 221184K, used 147859K [0x0000000701800000, 0x0000000800000000)
  region size 2048K, 13 young (26624K), 1 survivors (2048K)
 Metaspace       used 33282K, committed 33728K, reserved 1114112K
  class space    used 3378K, committed 3584K, reserved 1048576K
}
Event: 40.124 GC heap after
{Heap after GC invocations=20 (full 0):
 garbage-first heap   total 221184K, used 137042K [0x0000000701800000, 0x0000000800000000)
  region size 2048K, 3 young (6144K), 3 survivors (6144K)
 Metaspace       used 33282K, committed 33728K, reserved 1114112K
  class space    used 3378K, committed 3584K, reserved 1048576K
}
Event: 42.671 GC heap before
{Heap before GC invocations=21 (full 0):
 garbage-first heap   total 221184K, used 143186K [0x0000000701800000, 0x0000000800000000)
  region size 2048K, 20 young (40960K), 3 survivors (6144K)
 Metaspace       used 33472K, committed 33856K, reserved 1114112K
  class space    used 3389K, committed 3584K, reserved 1048576K
}
Event: 42.687 GC heap after
{Heap after GC invocations=22 (full 0):
 garbage-first heap   total 221184K, used 120484K [0x0000000701800000, 0x0000000800000000)
  region size 2048K, 3 young (6144K), 3 survivors (6144K)
 Metaspace       used 33472K, committed 33856K, reserved 1114112K
  class space    used 3389K, committed 3584K, reserved 1048576K
}
Event: 42.700 GC heap before
{Heap before GC invocations=22 (full 0):
 garbage-first heap   total 221184K, used 124580K [0x0000000701800000, 0x0000000800000000)
  region size 2048K, 5 young (10240K), 3 survivors (6144K)
 Metaspace       used 33472K, committed 33856K, reserved 1114112K
  class space    used 3389K, committed 3584K, reserved 1048576K
}
Event: 42.706 GC heap after
{Heap after GC invocations=23 (full 0):
 garbage-first heap   total 221184K, used 100193K [0x0000000701800000, 0x0000000800000000)
  region size 2048K, 1 young (2048K), 1 survivors (2048K)
 Metaspace       used 33472K, committed 33856K, reserved 1114112K
  class space    used 3389K, committed 3584K, reserved 1048576K
}
Event: 42.742 GC heap before
{Heap before GC invocations=23 (full 0):
 garbage-first heap   total 221184K, used 108385K [0x0000000701800000, 0x0000000800000000)
  region size 2048K, 5 young (10240K), 1 survivors (2048K)
 Metaspace       used 33475K, committed 33856K, reserved 1114112K
  class space    used 3389K, committed 3584K, reserved 1048576K
}
Event: 42.750 GC heap after
{Heap after GC invocations=24 (full 0):
 garbage-first heap   total 442368K, used 95226K [0x0000000701800000, 0x0000000800000000)
  region size 2048K, 1 young (2048K), 1 survivors (2048K)
 Metaspace       used 33475K, committed 33856K, reserved 1114112K
  class space    used 3389K, committed 3584K, reserved 1048576K
}
Event: 44.953 GC heap before
{Heap before GC invocations=24 (full 0):
 garbage-first heap   total 442368K, used 240634K [0x0000000701800000, 0x0000000800000000)
  region size 2048K, 68 young (139264K), 1 survivors (2048K)
 Metaspace       used 44570K, committed 44992K, reserved 1114112K
  class space    used 4660K, committed 4864K, reserved 1048576K
}
Event: 44.973 GC heap after
{Heap after GC invocations=25 (full 0):
 garbage-first heap   total 442368K, used 118708K [0x0000000701800000, 0x0000000800000000)
  region size 2048K, 9 young (18432K), 9 survivors (18432K)
 Metaspace       used 44570K, committed 44992K, reserved 1114112K
  class space    used 4660K, committed 4864K, reserved 1048576K
}
Event: 46.009 GC heap before
{Heap before GC invocations=25 (full 0):
 garbage-first heap   total 442368K, used 268212K [0x0000000701800000, 0x0000000800000000)
  region size 2048K, 82 young (167936K), 9 survivors (18432K)
 Metaspace       used 44598K, committed 44992K, reserved 1114112K
  class space    used 4660K, committed 4864K, reserved 1048576K
}
Event: 46.045 GC heap after
{Heap after GC invocations=26 (full 0):
 garbage-first heap   total 442368K, used 137445K [0x0000000701800000, 0x0000000800000000)
  region size 2048K, 11 young (22528K), 11 survivors (22528K)
 Metaspace       used 44598K, committed 44992K, reserved 1114112K
  class space    used 4660K, committed 4864K, reserved 1048576K
}
Event: 48.518 GC heap before
{Heap before GC invocations=26 (full 0):
 garbage-first heap   total 442368K, used 284901K [0x0000000701800000, 0x0000000800000000)
  region size 2048K, 81 young (165888K), 11 survivors (22528K)
 Metaspace       used 44835K, committed 45248K, reserved 1114112K
  class space    used 4682K, committed 4864K, reserved 1048576K
}
Event: 48.554 GC heap after
{Heap after GC invocations=27 (full 0):
 garbage-first heap   total 442368K, used 172752K [0x0000000701800000, 0x0000000800000000)
  region size 2048K, 11 young (22528K), 11 survivors (22528K)
 Metaspace       used 44835K, committed 45248K, reserved 1114112K
  class space    used 4682K, committed 4864K, reserved 1048576K
}
Event: 49.512 GC heap before
{Heap before GC invocations=27 (full 0):
 garbage-first heap   total 442368K, used 305872K [0x0000000701800000, 0x0000000800000000)
  region size 2048K, 75 young (153600K), 11 survivors (22528K)
 Metaspace       used 45173K, committed 45504K, reserved 1114112K
  class space    used 4713K, committed 4864K, reserved 1048576K
}
Event: 49.557 GC heap after
{Heap after GC invocations=28 (full 0):
 garbage-first heap   total 442368K, used 211366K [0x0000000701800000, 0x0000000800000000)
  region size 2048K, 10 young (20480K), 10 survivors (20480K)
 Metaspace       used 45173K, committed 45504K, reserved 1114112K
  class space    used 4713K, committed 4864K, reserved 1048576K
}
Event: 50.681 GC heap before
{Heap before GC invocations=28 (full 0):
 garbage-first heap   total 442368K, used 317862K [0x0000000701800000, 0x0000000800000000)
  region size 2048K, 59 young (120832K), 10 survivors (20480K)
 Metaspace       used 45621K, committed 46080K, reserved 1114112K
  class space    used 4726K, committed 4928K, reserved 1048576K
}
Event: 50.718 GC heap after
{Heap after GC invocations=29 (full 0):
 garbage-first heap   total 442368K, used 251235K [0x0000000701800000, 0x0000000800000000)
  region size 2048K, 8 young (16384K), 8 survivors (16384K)
 Metaspace       used 45621K, committed 46080K, reserved 1114112K
  class space    used 4726K, committed 4928K, reserved 1048576K
}
Event: 51.290 GC heap before
{Heap before GC invocations=29 (full 0):
 garbage-first heap   total 442368K, used 322915K [0x0000000701800000, 0x0000000800000000)
  region size 2048K, 43 young (88064K), 8 survivors (16384K)
 Metaspace       used 46171K, committed 46656K, reserved 1114112K
  class space    used 4807K, committed 4992K, reserved 1048576K
}

